#! /usr/local/Cellar/icarus-verilog/10.2_1/bin/vvp
:ivl_version "10.2 (stable)" "(v10_2)";
:ivl_delay_selection "TYPICAL";
:vpi_time_precision - 10;
:vpi_module "system";
:vpi_module "vhdl_sys";
:vpi_module "v2005_math";
:vpi_module "va_math";
S_0x7fcc1a501b60 .scope module, "test_fa" "test_fa" 2 3;
 .timescale -9 -10;
v0x7fcc1a514c20_0 .var "cin", 0 0;
v0x7fcc1a514cb0_0 .net "cout", 0 0, L_0x7fcc1a5155e0;  1 drivers
v0x7fcc1a514d40_0 .var "i1", 0 0;
v0x7fcc1a514e10_0 .var "i2", 0 0;
v0x7fcc1a514ec0_0 .net "sum", 0 0, L_0x7fcc1a5150a0;  1 drivers
S_0x7fcc1a5005e0 .scope module, "DUT" "fa" 2 8, 3 1 0, S_0x7fcc1a501b60;
 .timescale 0 0;
    .port_info 0 /OUTPUT 1 "sum"
    .port_info 1 /OUTPUT 1 "cout"
    .port_info 2 /INPUT 1 "i1"
    .port_info 3 /INPUT 1 "i2"
    .port_info 4 /INPUT 1 "cin"
L_0x7fcc1a514f90 .functor XOR 1, v0x7fcc1a514d40_0, v0x7fcc1a514e10_0, C4<0>, C4<0>;
L_0x7fcc1a5150a0 .functor XOR 1, L_0x7fcc1a514f90, v0x7fcc1a514c20_0, C4<0>, C4<0>;
L_0x7fcc1a5151d0 .functor AND 1, v0x7fcc1a514d40_0, v0x7fcc1a514e10_0, C4<1>, C4<1>;
L_0x7fcc1a515240 .functor AND 1, v0x7fcc1a514e10_0, v0x7fcc1a514c20_0, C4<1>, C4<1>;
L_0x7fcc1a515350 .functor OR 1, L_0x7fcc1a5151d0, L_0x7fcc1a515240, C4<0>, C4<0>;
L_0x7fcc1a515470 .functor AND 1, v0x7fcc1a514d40_0, v0x7fcc1a514c20_0, C4<1>, C4<1>;
L_0x7fcc1a5155e0 .functor OR 1, L_0x7fcc1a515350, L_0x7fcc1a515470, C4<0>, C4<0>;
v0x7fcc1a500740_0 .net *"_s0", 0 0, L_0x7fcc1a514f90;  1 drivers
v0x7fcc1a514530_0 .net *"_s10", 0 0, L_0x7fcc1a515470;  1 drivers
v0x7fcc1a5145d0_0 .net *"_s4", 0 0, L_0x7fcc1a5151d0;  1 drivers
v0x7fcc1a514680_0 .net *"_s6", 0 0, L_0x7fcc1a515240;  1 drivers
v0x7fcc1a514730_0 .net *"_s8", 0 0, L_0x7fcc1a515350;  1 drivers
v0x7fcc1a514820_0 .net "cin", 0 0, v0x7fcc1a514c20_0;  1 drivers
v0x7fcc1a5148c0_0 .net "cout", 0 0, L_0x7fcc1a5155e0;  alias, 1 drivers
v0x7fcc1a514960_0 .net "i1", 0 0, v0x7fcc1a514d40_0;  1 drivers
v0x7fcc1a514a00_0 .net "i2", 0 0, v0x7fcc1a514e10_0;  1 drivers
v0x7fcc1a514b10_0 .net "sum", 0 0, L_0x7fcc1a5150a0;  alias, 1 drivers
    .scope S_0x7fcc1a501b60;
T_0 ;
    %vpi_call 2 12 "$timeformat", 32'sb11111111111111111111111111110111, 32'sb00000000000000000000000000000001, "ns", 32'sb00000000000000000000000000000101 {0 0 0};
    %vpi_call 2 13 "$monitor", "At t = %t, a = %b, b = %b, cin = %b, sum = %b, cout = %b", $time, v0x7fcc1a514d40_0, v0x7fcc1a514e10_0, v0x7fcc1a514c20_0, v0x7fcc1a514ec0_0, v0x7fcc1a514cb0_0 {0 0 0};
    %pushi/vec4 0, 0, 1;
    %store/vec4 v0x7fcc1a514d40_0, 0, 1;
    %pushi/vec4 0, 0, 1;
    %store/vec4 v0x7fcc1a514e10_0, 0, 1;
    %pushi/vec4 0, 0, 1;
    %store/vec4 v0x7fcc1a514c20_0, 0, 1;
    %delay 100, 0;
    %pushi/vec4 0, 0, 1;
    %store/vec4 v0x7fcc1a514d40_0, 0, 1;
    %pushi/vec4 0, 0, 1;
    %store/vec4 v0x7fcc1a514e10_0, 0, 1;
    %pushi/vec4 1, 0, 1;
    %store/vec4 v0x7fcc1a514c20_0, 0, 1;
    %delay 100, 0;
    %pushi/vec4 0, 0, 1;
    %store/vec4 v0x7fcc1a514d40_0, 0, 1;
    %pushi/vec4 1, 0, 1;
    %store/vec4 v0x7fcc1a514e10_0, 0, 1;
    %pushi/vec4 0, 0, 1;
    %store/vec4 v0x7fcc1a514c20_0, 0, 1;
    %delay 100, 0;
    %pushi/vec4 0, 0, 1;
    %store/vec4 v0x7fcc1a514d40_0, 0, 1;
    %pushi/vec4 1, 0, 1;
    %store/vec4 v0x7fcc1a514e10_0, 0, 1;
    %pushi/vec4 1, 0, 1;
    %store/vec4 v0x7fcc1a514c20_0, 0, 1;
    %delay 100, 0;
    %pushi/vec4 1, 0, 1;
    %store/vec4 v0x7fcc1a514d40_0, 0, 1;
    %pushi/vec4 0, 0, 1;
    %store/vec4 v0x7fcc1a514e10_0, 0, 1;
    %pushi/vec4 0, 0, 1;
    %store/vec4 v0x7fcc1a514c20_0, 0, 1;
    %delay 100, 0;
    %pushi/vec4 1, 0, 1;
    %store/vec4 v0x7fcc1a514d40_0, 0, 1;
    %pushi/vec4 0, 0, 1;
    %store/vec4 v0x7fcc1a514e10_0, 0, 1;
    %pushi/vec4 1, 0, 1;
    %store/vec4 v0x7fcc1a514c20_0, 0, 1;
    %delay 100, 0;
    %pushi/vec4 1, 0, 1;
    %store/vec4 v0x7fcc1a514d40_0, 0, 1;
    %pushi/vec4 1, 0, 1;
    %store/vec4 v0x7fcc1a514e10_0, 0, 1;
    %pushi/vec4 0, 0, 1;
    %store/vec4 v0x7fcc1a514c20_0, 0, 1;
    %delay 100, 0;
    %pushi/vec4 1, 0, 1;
    %store/vec4 v0x7fcc1a514d40_0, 0, 1;
    %pushi/vec4 1, 0, 1;
    %store/vec4 v0x7fcc1a514e10_0, 0, 1;
    %pushi/vec4 1, 0, 1;
    %store/vec4 v0x7fcc1a514c20_0, 0, 1;
    %delay 100, 0;
    %vpi_call 2 23 "$finish" {0 0 0};
    %end;
    .thread T_0;
# The file index is used to find the file name in the following table.
:file_names 4;
    "N/A";
    "<interactive>";
    "testbench_fulladder.v";
    "fulladder_data.v";
