#! /usr/local/Cellar/icarus-verilog/10.2_1/bin/vvp
:ivl_version "10.2 (stable)" "(v10_2)";
:ivl_delay_selection "TYPICAL";
:vpi_time_precision - 12;
:vpi_module "system";
:vpi_module "vhdl_sys";
:vpi_module "v2005_math";
:vpi_module "va_math";
S_0x7fc7bc500620 .scope module, "fa_d" "fa_d" 2 35;
 .timescale -9 -12;
    .port_info 0 /OUTPUT 1 "sum"
    .port_info 1 /OUTPUT 1 "cout"
    .port_info 2 /INPUT 1 "i1"
    .port_info 3 /INPUT 1 "i2"
    .port_info 4 /INPUT 1 "cin"
o0x1013de158 .functor BUFZ 1, C4<z>; HiZ drive
o0x1013de188 .functor BUFZ 1, C4<z>; HiZ drive
L_0x7fc7bc51ab60 .functor XOR 1, o0x1013de158, o0x1013de188, C4<0>, C4<0>;
o0x1013de0f8 .functor BUFZ 1, C4<z>; HiZ drive
L_0x7fc7bc51ac50 .functor XOR 1, L_0x7fc7bc51ab60, o0x1013de0f8, C4<0>, C4<0>;
L_0x7fc7bc51ad40 .functor AND 1, o0x1013de158, o0x1013de188, C4<1>, C4<1>;
L_0x7fc7bc51ae70 .functor AND 1, o0x1013de188, o0x1013de0f8, C4<1>, C4<1>;
L_0x7fc7bc51af20 .functor OR 1, L_0x7fc7bc51ad40, L_0x7fc7bc51ae70, C4<0>, C4<0>;
L_0x7fc7bc51b060 .functor AND 1, o0x1013de158, o0x1013de0f8, C4<1>, C4<1>;
L_0x7fc7bc51b0d0 .functor OR 1, L_0x7fc7bc51af20, L_0x7fc7bc51b060, C4<0>, C4<0>;
v0x7fc7bc500d20_0 .net *"_s0", 0 0, L_0x7fc7bc51ab60;  1 drivers
v0x7fc7bc510d50_0 .net *"_s10", 0 0, L_0x7fc7bc51b060;  1 drivers
v0x7fc7bc510df0_0 .net *"_s4", 0 0, L_0x7fc7bc51ad40;  1 drivers
v0x7fc7bc510ea0_0 .net *"_s6", 0 0, L_0x7fc7bc51ae70;  1 drivers
v0x7fc7bc510f50_0 .net *"_s8", 0 0, L_0x7fc7bc51af20;  1 drivers
v0x7fc7bc511040_0 .net "cin", 0 0, o0x1013de0f8;  0 drivers
v0x7fc7bc5110e0_0 .net "cout", 0 0, L_0x7fc7bc51b0d0;  1 drivers
v0x7fc7bc511180_0 .net "i1", 0 0, o0x1013de158;  0 drivers
v0x7fc7bc511220_0 .net "i2", 0 0, o0x1013de188;  0 drivers
v0x7fc7bc511330_0 .net "sum", 0 0, L_0x7fc7bc51ac50;  1 drivers
S_0x7fc7bc500800 .scope module, "ha_d" "ha_d" 2 10;
 .timescale -9 -12;
    .port_info 0 /OUTPUT 1 "sum"
    .port_info 1 /OUTPUT 1 "cout"
    .port_info 2 /INPUT 1 "i1"
    .port_info 3 /INPUT 1 "i2"
o0x1013de308 .functor BUFZ 1, C4<z>; HiZ drive
o0x1013de338 .functor BUFZ 1, C4<z>; HiZ drive
L_0x7fc7bc51b220 .functor XOR 1, o0x1013de308, o0x1013de338, C4<0>, C4<0>;
L_0x7fc7bc51b290 .functor AND 1, o0x1013de308, o0x1013de338, C4<1>, C4<1>;
v0x7fc7bc511440_0 .net "cout", 0 0, L_0x7fc7bc51b290;  1 drivers
v0x7fc7bc5114d0_0 .net "i1", 0 0, o0x1013de308;  0 drivers
v0x7fc7bc511560_0 .net "i2", 0 0, o0x1013de338;  0 drivers
v0x7fc7bc5115f0_0 .net "sum", 0 0, L_0x7fc7bc51b220;  1 drivers
S_0x7fc7bc5009c0 .scope module, "ha_g" "ha_g" 2 1;
 .timescale -9 -12;
    .port_info 0 /OUTPUT 1 "sum"
    .port_info 1 /OUTPUT 1 "cout"
    .port_info 2 /INPUT 1 "i1"
    .port_info 3 /INPUT 1 "i2"
o0x1013de488 .functor BUFZ 1, C4<z>; HiZ drive
o0x1013de4b8 .functor BUFZ 1, C4<z>; HiZ drive
L_0x7fc7bc51b3c0 .functor XOR 1, o0x1013de488, o0x1013de4b8, C4<0>, C4<0>;
L_0x7fc7bc51b450 .functor AND 1, o0x1013de488, o0x1013de4b8, C4<1>, C4<1>;
v0x7fc7bc5116d0_0 .net "cout", 0 0, L_0x7fc7bc51b450;  1 drivers
v0x7fc7bc511780_0 .net "i1", 0 0, o0x1013de488;  0 drivers
v0x7fc7bc511820_0 .net "i2", 0 0, o0x1013de4b8;  0 drivers
v0x7fc7bc5118b0_0 .net "sum", 0 0, L_0x7fc7bc51b3c0;  1 drivers
S_0x7fc7bc500bc0 .scope module, "testbench_max" "testbench_max" 3 3;
 .timescale -9 -12;
v0x7fc7bc51a930_0 .var "i1", 3 0;
v0x7fc7bc51a9e0_0 .var "i2", 3 0;
v0x7fc7bc51aab0_0 .net "max", 3 0, L_0x7fc7bc520a30;  1 drivers
S_0x7fc7bc5119b0 .scope module, "m" "MAX" 3 13, 4 1 0, S_0x7fc7bc500bc0;
 .timescale -9 -12;
    .port_info 0 /INPUT 4 "i1"
    .port_info 1 /INPUT 4 "i2"
    .port_info 2 /OUTPUT 4 "out"
L_0x101410050 .functor BUFT 1, C4<0>, C4<0>, C4<0>, C4<0>;
v0x7fc7bc519f00_0 .net/2s *"_s17", 0 0, L_0x101410050;  1 drivers
v0x7fc7bc519fb0_0 .net *"_s20", 0 0, L_0x7fc7bc5207d0;  1 drivers
v0x7fc7bc51a060_0 .net *"_s21", 31 0, L_0x7fc7bc520870;  1 drivers
L_0x101410200 .functor BUFT 1, C4<0000000000000000000000000000000>, C4<0>, C4<0>, C4<0>;
v0x7fc7bc51a120_0 .net *"_s24", 30 0, L_0x101410200;  1 drivers
L_0x101410248 .functor BUFT 1, C4<00000000000000000000000000000001>, C4<0>, C4<0>, C4<0>;
v0x7fc7bc51a1d0_0 .net/2u *"_s25", 31 0, L_0x101410248;  1 drivers
v0x7fc7bc51a2c0_0 .net *"_s27", 0 0, L_0x7fc7bc520990;  1 drivers
v0x7fc7bc51a360_0 .net "a", 4 0, L_0x7fc7bc51b900;  1 drivers
v0x7fc7bc51a400_0 .net "b", 4 0, L_0x7fc7bc51e000;  1 drivers
L_0x101410008 .functor BUFT 1, C4<0>, C4<0>, C4<0>, C4<0>;
v0x7fc7bc51a490_0 .net "cin", 0 0, L_0x101410008;  1 drivers
v0x7fc7bc51a5c0_0 .net "cout", 0 0, L_0x7fc7bc520140;  1 drivers
v0x7fc7bc51a650_0 .net "i1", 3 0, v0x7fc7bc51a930_0;  1 drivers
v0x7fc7bc51a6f0_0 .net "i2", 3 0, v0x7fc7bc51a9e0_0;  1 drivers
v0x7fc7bc51a790_0 .net "out", 3 0, L_0x7fc7bc520a30;  alias, 1 drivers
v0x7fc7bc51a830_0 .net "temp", 4 0, L_0x7fc7bc520290;  1 drivers
L_0x7fc7bc51b580 .part v0x7fc7bc51a930_0, 0, 1;
L_0x7fc7bc51b660 .part v0x7fc7bc51a930_0, 1, 1;
L_0x7fc7bc51b700 .part v0x7fc7bc51a930_0, 2, 1;
L_0x7fc7bc51b820 .part v0x7fc7bc51a930_0, 3, 1;
LS_0x7fc7bc51b900_0_0 .concat8 [ 1 1 1 1], L_0x7fc7bc51b580, L_0x7fc7bc51b660, L_0x7fc7bc51b700, L_0x7fc7bc51b820;
LS_0x7fc7bc51b900_0_4 .concat8 [ 1 0 0 0], L_0x101410050;
L_0x7fc7bc51b900 .concat8 [ 4 1 0 0], LS_0x7fc7bc51b900_0_0, LS_0x7fc7bc51b900_0_4;
L_0x7fc7bc5207d0 .part L_0x7fc7bc520290, 4, 1;
L_0x7fc7bc520870 .concat [ 1 31 0 0], L_0x7fc7bc5207d0, L_0x101410200;
L_0x7fc7bc520990 .cmp/eq 32, L_0x7fc7bc520870, L_0x101410248;
L_0x7fc7bc520a30 .functor MUXZ 4, v0x7fc7bc51a930_0, v0x7fc7bc51a9e0_0, L_0x7fc7bc520990, C4<>;
S_0x7fc7bc511bc0 .scope module, "fa" "five_bit_adder" 4 25, 2 45 0, S_0x7fc7bc5119b0;
 .timescale -9 -12;
    .port_info 0 /OUTPUT 5 "sum"
    .port_info 1 /OUTPUT 1 "cout"
    .port_info 2 /INPUT 1 "cin"
    .port_info 3 /INPUT 5 "i1"
    .port_info 4 /INPUT 5 "i2"
v0x7fc7bc514670_0 .net "C1", 0 0, L_0x7fc7bc51e700;  1 drivers
v0x7fc7bc514740_0 .net "C2", 0 0, L_0x7fc7bc51ed50;  1 drivers
v0x7fc7bc514810_0 .net "C3", 0 0, L_0x7fc7bc51f3f0;  1 drivers
v0x7fc7bc5148e0_0 .net "C4", 0 0, L_0x7fc7bc51fa60;  1 drivers
v0x7fc7bc5149b0_0 .net "cin", 0 0, L_0x101410008;  alias, 1 drivers
v0x7fc7bc514a80_0 .net "cout", 0 0, L_0x7fc7bc520140;  alias, 1 drivers
v0x7fc7bc514b10_0 .net "i1", 4 0, L_0x7fc7bc51b900;  alias, 1 drivers
v0x7fc7bc514ba0_0 .net "i2", 4 0, L_0x7fc7bc51e000;  alias, 1 drivers
v0x7fc7bc514c30_0 .net "sum", 4 0, L_0x7fc7bc520290;  alias, 1 drivers
L_0x7fc7bc51e830 .part L_0x7fc7bc51b900, 0, 1;
L_0x7fc7bc51e950 .part L_0x7fc7bc51e000, 0, 1;
L_0x7fc7bc51eed0 .part L_0x7fc7bc51b900, 1, 1;
L_0x7fc7bc51f070 .part L_0x7fc7bc51e000, 1, 1;
L_0x7fc7bc51f570 .part L_0x7fc7bc51b900, 2, 1;
L_0x7fc7bc51f6c0 .part L_0x7fc7bc51e000, 2, 1;
L_0x7fc7bc51fbe0 .part L_0x7fc7bc51b900, 3, 1;
L_0x7fc7bc51fd00 .part L_0x7fc7bc51e000, 3, 1;
LS_0x7fc7bc520290_0_0 .concat8 [ 1 1 1 1], L_0x7fc7bc51e540, L_0x7fc7bc51eaf0, L_0x7fc7bc51f190, L_0x7fc7bc51f7e0;
LS_0x7fc7bc520290_0_4 .concat8 [ 1 0 0 0], L_0x7fc7bc51ff20;
L_0x7fc7bc520290 .concat8 [ 4 1 0 0], LS_0x7fc7bc520290_0_0, LS_0x7fc7bc520290_0_4;
L_0x7fc7bc520530 .part L_0x7fc7bc51b900, 4, 1;
L_0x7fc7bc520650 .part L_0x7fc7bc51e000, 4, 1;
S_0x7fc7bc511e30 .scope module, "fa1" "fa_g" 2 56, 2 20 0, S_0x7fc7bc511bc0;
 .timescale -9 -12;
    .port_info 0 /OUTPUT 1 "sum"
    .port_info 1 /OUTPUT 1 "cout"
    .port_info 2 /INPUT 1 "i1"
    .port_info 3 /INPUT 1 "i2"
    .port_info 4 /INPUT 1 "cin"
L_0x7fc7bc51eaf0 .functor XOR 1, L_0x7fc7bc51eed0, L_0x7fc7bc51f070, L_0x7fc7bc51e700, C4<0>;
L_0x7fc7bc51ebe0 .functor AND 1, L_0x7fc7bc51eed0, L_0x7fc7bc51f070, C4<1>, C4<1>;
L_0x7fc7bc51ec50 .functor AND 1, L_0x7fc7bc51f070, L_0x7fc7bc51e700, C4<1>, C4<1>;
L_0x7fc7bc51ecc0 .functor AND 1, L_0x7fc7bc51eed0, L_0x7fc7bc51e700, C4<1>, C4<1>;
L_0x7fc7bc51ed50 .functor OR 1, L_0x7fc7bc51ebe0, L_0x7fc7bc51ec50, L_0x7fc7bc51ecc0, C4<0>;
v0x7fc7bc5120a0_0 .net "cin", 0 0, L_0x7fc7bc51e700;  alias, 1 drivers
v0x7fc7bc512150_0 .net "cout", 0 0, L_0x7fc7bc51ed50;  alias, 1 drivers
v0x7fc7bc5121f0_0 .net "i1", 0 0, L_0x7fc7bc51eed0;  1 drivers
v0x7fc7bc5122a0_0 .net "i2", 0 0, L_0x7fc7bc51f070;  1 drivers
v0x7fc7bc512340_0 .net "sum", 0 0, L_0x7fc7bc51eaf0;  1 drivers
v0x7fc7bc512420_0 .net "t1", 0 0, L_0x7fc7bc51ebe0;  1 drivers
v0x7fc7bc5124c0_0 .net "t2", 0 0, L_0x7fc7bc51ec50;  1 drivers
v0x7fc7bc512560_0 .net "t3", 0 0, L_0x7fc7bc51ecc0;  1 drivers
S_0x7fc7bc512680 .scope module, "fa2" "fa_g" 2 57, 2 20 0, S_0x7fc7bc511bc0;
 .timescale -9 -12;
    .port_info 0 /OUTPUT 1 "sum"
    .port_info 1 /OUTPUT 1 "cout"
    .port_info 2 /INPUT 1 "i1"
    .port_info 3 /INPUT 1 "i2"
    .port_info 4 /INPUT 1 "cin"
L_0x7fc7bc51f190 .functor XOR 1, L_0x7fc7bc51f570, L_0x7fc7bc51f6c0, L_0x7fc7bc51ed50, C4<0>;
L_0x7fc7bc51f280 .functor AND 1, L_0x7fc7bc51f570, L_0x7fc7bc51f6c0, C4<1>, C4<1>;
L_0x7fc7bc51f2f0 .functor AND 1, L_0x7fc7bc51f6c0, L_0x7fc7bc51ed50, C4<1>, C4<1>;
L_0x7fc7bc51f360 .functor AND 1, L_0x7fc7bc51f570, L_0x7fc7bc51ed50, C4<1>, C4<1>;
L_0x7fc7bc51f3f0 .functor OR 1, L_0x7fc7bc51f280, L_0x7fc7bc51f2f0, L_0x7fc7bc51f360, C4<0>;
v0x7fc7bc5128b0_0 .net "cin", 0 0, L_0x7fc7bc51ed50;  alias, 1 drivers
v0x7fc7bc512960_0 .net "cout", 0 0, L_0x7fc7bc51f3f0;  alias, 1 drivers
v0x7fc7bc5129f0_0 .net "i1", 0 0, L_0x7fc7bc51f570;  1 drivers
v0x7fc7bc512aa0_0 .net "i2", 0 0, L_0x7fc7bc51f6c0;  1 drivers
v0x7fc7bc512b30_0 .net "sum", 0 0, L_0x7fc7bc51f190;  1 drivers
v0x7fc7bc512c10_0 .net "t1", 0 0, L_0x7fc7bc51f280;  1 drivers
v0x7fc7bc512cb0_0 .net "t2", 0 0, L_0x7fc7bc51f2f0;  1 drivers
v0x7fc7bc512d50_0 .net "t3", 0 0, L_0x7fc7bc51f360;  1 drivers
S_0x7fc7bc512e70 .scope module, "fa3" "fa_g" 2 58, 2 20 0, S_0x7fc7bc511bc0;
 .timescale -9 -12;
    .port_info 0 /OUTPUT 1 "sum"
    .port_info 1 /OUTPUT 1 "cout"
    .port_info 2 /INPUT 1 "i1"
    .port_info 3 /INPUT 1 "i2"
    .port_info 4 /INPUT 1 "cin"
L_0x7fc7bc51f7e0 .functor XOR 1, L_0x7fc7bc51fbe0, L_0x7fc7bc51fd00, L_0x7fc7bc51f3f0, C4<0>;
L_0x7fc7bc51f8d0 .functor AND 1, L_0x7fc7bc51fbe0, L_0x7fc7bc51fd00, C4<1>, C4<1>;
L_0x7fc7bc51f940 .functor AND 1, L_0x7fc7bc51fd00, L_0x7fc7bc51f3f0, C4<1>, C4<1>;
L_0x7fc7bc51f9b0 .functor AND 1, L_0x7fc7bc51fbe0, L_0x7fc7bc51f3f0, C4<1>, C4<1>;
L_0x7fc7bc51fa60 .functor OR 1, L_0x7fc7bc51f8d0, L_0x7fc7bc51f940, L_0x7fc7bc51f9b0, C4<0>;
v0x7fc7bc5130a0_0 .net "cin", 0 0, L_0x7fc7bc51f3f0;  alias, 1 drivers
v0x7fc7bc513150_0 .net "cout", 0 0, L_0x7fc7bc51fa60;  alias, 1 drivers
v0x7fc7bc5131e0_0 .net "i1", 0 0, L_0x7fc7bc51fbe0;  1 drivers
v0x7fc7bc513290_0 .net "i2", 0 0, L_0x7fc7bc51fd00;  1 drivers
v0x7fc7bc513330_0 .net "sum", 0 0, L_0x7fc7bc51f7e0;  1 drivers
v0x7fc7bc513410_0 .net "t1", 0 0, L_0x7fc7bc51f8d0;  1 drivers
v0x7fc7bc5134b0_0 .net "t2", 0 0, L_0x7fc7bc51f940;  1 drivers
v0x7fc7bc513550_0 .net "t3", 0 0, L_0x7fc7bc51f9b0;  1 drivers
S_0x7fc7bc513670 .scope module, "fa4" "fa_g" 2 59, 2 20 0, S_0x7fc7bc511bc0;
 .timescale -9 -12;
    .port_info 0 /OUTPUT 1 "sum"
    .port_info 1 /OUTPUT 1 "cout"
    .port_info 2 /INPUT 1 "i1"
    .port_info 3 /INPUT 1 "i2"
    .port_info 4 /INPUT 1 "cin"
L_0x7fc7bc51ff20 .functor XOR 1, L_0x7fc7bc520530, L_0x7fc7bc520650, L_0x7fc7bc51fa60, C4<0>;
L_0x7fc7bc51ff90 .functor AND 1, L_0x7fc7bc520530, L_0x7fc7bc520650, C4<1>, C4<1>;
L_0x7fc7bc520000 .functor AND 1, L_0x7fc7bc520650, L_0x7fc7bc51fa60, C4<1>, C4<1>;
L_0x7fc7bc520090 .functor AND 1, L_0x7fc7bc520530, L_0x7fc7bc51fa60, C4<1>, C4<1>;
L_0x7fc7bc520140 .functor OR 1, L_0x7fc7bc51ff90, L_0x7fc7bc520000, L_0x7fc7bc520090, C4<0>;
v0x7fc7bc5138a0_0 .net "cin", 0 0, L_0x7fc7bc51fa60;  alias, 1 drivers
v0x7fc7bc513950_0 .net "cout", 0 0, L_0x7fc7bc520140;  alias, 1 drivers
v0x7fc7bc5139e0_0 .net "i1", 0 0, L_0x7fc7bc520530;  1 drivers
v0x7fc7bc513a90_0 .net "i2", 0 0, L_0x7fc7bc520650;  1 drivers
v0x7fc7bc513b20_0 .net "sum", 0 0, L_0x7fc7bc51ff20;  1 drivers
v0x7fc7bc513c00_0 .net "t1", 0 0, L_0x7fc7bc51ff90;  1 drivers
v0x7fc7bc513ca0_0 .net "t2", 0 0, L_0x7fc7bc520000;  1 drivers
v0x7fc7bc513d40_0 .net "t3", 0 0, L_0x7fc7bc520090;  1 drivers
S_0x7fc7bc513e60 .scope module, "ha0" "fa_g" 2 55, 2 20 0, S_0x7fc7bc511bc0;
 .timescale -9 -12;
    .port_info 0 /OUTPUT 1 "sum"
    .port_info 1 /OUTPUT 1 "cout"
    .port_info 2 /INPUT 1 "i1"
    .port_info 3 /INPUT 1 "i2"
    .port_info 4 /INPUT 1 "cin"
L_0x1014101b8 .functor BUFT 1, C4<0>, C4<0>, C4<0>, C4<0>;
L_0x7fc7bc51e540 .functor XOR 1, L_0x7fc7bc51e830, L_0x7fc7bc51e950, L_0x1014101b8, C4<0>;
L_0x7fc7bc51e5b0 .functor AND 1, L_0x7fc7bc51e830, L_0x7fc7bc51e950, C4<1>, C4<1>;
L_0x7fc7bc51e620 .functor AND 1, L_0x7fc7bc51e950, L_0x1014101b8, C4<1>, C4<1>;
L_0x7fc7bc51e690 .functor AND 1, L_0x7fc7bc51e830, L_0x1014101b8, C4<1>, C4<1>;
L_0x7fc7bc51e700 .functor OR 1, L_0x7fc7bc51e5b0, L_0x7fc7bc51e620, L_0x7fc7bc51e690, C4<0>;
v0x7fc7bc5140d0_0 .net "cin", 0 0, L_0x1014101b8;  1 drivers
v0x7fc7bc514160_0 .net "cout", 0 0, L_0x7fc7bc51e700;  alias, 1 drivers
v0x7fc7bc514200_0 .net "i1", 0 0, L_0x7fc7bc51e830;  1 drivers
v0x7fc7bc5142b0_0 .net "i2", 0 0, L_0x7fc7bc51e950;  1 drivers
v0x7fc7bc514340_0 .net "sum", 0 0, L_0x7fc7bc51e540;  1 drivers
v0x7fc7bc514410_0 .net "t1", 0 0, L_0x7fc7bc51e5b0;  1 drivers
v0x7fc7bc5144b0_0 .net "t2", 0 0, L_0x7fc7bc51e620;  1 drivers
v0x7fc7bc514550_0 .net "t3", 0 0, L_0x7fc7bc51e690;  1 drivers
S_0x7fc7bc514d70 .scope generate, "genblk1[0]" "genblk1[0]" 4 15, 4 15 0, S_0x7fc7bc5119b0;
 .timescale -9 -12;
P_0x7fc7bc514f20 .param/l "i" 0 4 15, +C4<00>;
v0x7fc7bc514fa0_0 .net *"_s0", 0 0, L_0x7fc7bc51b580;  1 drivers
S_0x7fc7bc515030 .scope generate, "genblk1[1]" "genblk1[1]" 4 15, 4 15 0, S_0x7fc7bc5119b0;
 .timescale -9 -12;
P_0x7fc7bc515200 .param/l "i" 0 4 15, +C4<01>;
v0x7fc7bc515280_0 .net *"_s0", 0 0, L_0x7fc7bc51b660;  1 drivers
S_0x7fc7bc515330 .scope generate, "genblk1[2]" "genblk1[2]" 4 15, 4 15 0, S_0x7fc7bc5119b0;
 .timescale -9 -12;
P_0x7fc7bc5154f0 .param/l "i" 0 4 15, +C4<010>;
v0x7fc7bc515590_0 .net *"_s0", 0 0, L_0x7fc7bc51b700;  1 drivers
S_0x7fc7bc515640 .scope generate, "genblk1[3]" "genblk1[3]" 4 15, 4 15 0, S_0x7fc7bc5119b0;
 .timescale -9 -12;
P_0x7fc7bc515840 .param/l "i" 0 4 15, +C4<011>;
v0x7fc7bc5158e0_0 .net *"_s0", 0 0, L_0x7fc7bc51b820;  1 drivers
S_0x7fc7bc515970 .scope module, "ts" "twoscomp" 4 23, 5 1 0, S_0x7fc7bc5119b0;
 .timescale -9 -12;
    .port_info 0 /OUTPUT 5 "a2c"
    .port_info 1 /INPUT 4 "a"
L_0x7fc7bc51c100 .functor NOT 5, L_0x7fc7bc51be80, C4<00000>, C4<00000>, C4<00000>;
L_0x101410128 .functor BUFT 1, C4<0>, C4<0>, C4<0>, C4<0>;
v0x7fc7bc519910_0 .net/2s *"_s19", 0 0, L_0x101410128;  1 drivers
v0x7fc7bc5199d0_0 .net "a", 3 0, v0x7fc7bc51a9e0_0;  alias, 1 drivers
v0x7fc7bc519a80_0 .net "a2c", 4 0, L_0x7fc7bc51e000;  alias, 1 drivers
L_0x1014100e0 .functor BUFT 1, C4<0>, C4<0>, C4<0>, C4<0>;
v0x7fc7bc519b70_0 .net "cin", 0 0, L_0x1014100e0;  1 drivers
v0x7fc7bc519c00_0 .net "cout", 0 0, L_0x7fc7bc51deb0;  1 drivers
v0x7fc7bc519d10_0 .net "temp", 4 0, L_0x7fc7bc51be80;  1 drivers
v0x7fc7bc519da0_0 .net "tempnew", 4 0, L_0x7fc7bc51c100;  1 drivers
L_0x101410098 .functor BUFT 1, C4<00001>, C4<0>, C4<0>, C4<0>;
v0x7fc7bc519e30_0 .net "x", 4 0, L_0x101410098;  1 drivers
L_0x7fc7bc51bb80 .part v0x7fc7bc51a9e0_0, 0, 1;
L_0x7fc7bc51bc20 .part v0x7fc7bc51a9e0_0, 1, 1;
L_0x7fc7bc51bd40 .part v0x7fc7bc51a9e0_0, 2, 1;
L_0x7fc7bc51bde0 .part v0x7fc7bc51a9e0_0, 3, 1;
LS_0x7fc7bc51be80_0_0 .concat8 [ 1 1 1 1], L_0x7fc7bc51bb80, L_0x7fc7bc51bc20, L_0x7fc7bc51bd40, L_0x7fc7bc51bde0;
LS_0x7fc7bc51be80_0_4 .concat8 [ 1 0 0 0], L_0x101410128;
L_0x7fc7bc51be80 .concat8 [ 4 1 0 0], LS_0x7fc7bc51be80_0_0, LS_0x7fc7bc51be80_0_4;
S_0x7fc7bc515b60 .scope module, "fba" "five_bit_adder" 5 22, 2 45 0, S_0x7fc7bc515970;
 .timescale -9 -12;
    .port_info 0 /OUTPUT 5 "sum"
    .port_info 1 /OUTPUT 1 "cout"
    .port_info 2 /INPUT 1 "cin"
    .port_info 3 /INPUT 5 "i1"
    .port_info 4 /INPUT 5 "i2"
v0x7fc7bc518610_0 .net "C1", 0 0, L_0x7fc7bc51c470;  1 drivers
v0x7fc7bc5186e0_0 .net "C2", 0 0, L_0x7fc7bc51cb00;  1 drivers
v0x7fc7bc5187b0_0 .net "C3", 0 0, L_0x7fc7bc51d200;  1 drivers
v0x7fc7bc518880_0 .net "C4", 0 0, L_0x7fc7bc51d850;  1 drivers
v0x7fc7bc518950_0 .net "cin", 0 0, L_0x1014100e0;  alias, 1 drivers
v0x7fc7bc518a20_0 .net "cout", 0 0, L_0x7fc7bc51deb0;  alias, 1 drivers
v0x7fc7bc518ab0_0 .net "i1", 4 0, L_0x7fc7bc51c100;  alias, 1 drivers
v0x7fc7bc518b40_0 .net "i2", 4 0, L_0x101410098;  alias, 1 drivers
v0x7fc7bc518bd0_0 .net "sum", 4 0, L_0x7fc7bc51e000;  alias, 1 drivers
L_0x7fc7bc51c5d0 .part L_0x7fc7bc51c100, 0, 1;
L_0x7fc7bc51c6f0 .part L_0x101410098, 0, 1;
L_0x7fc7bc51cc80 .part L_0x7fc7bc51c100, 1, 1;
L_0x7fc7bc51ce20 .part L_0x101410098, 1, 1;
L_0x7fc7bc51d360 .part L_0x7fc7bc51c100, 2, 1;
L_0x7fc7bc51d4b0 .part L_0x101410098, 2, 1;
L_0x7fc7bc51d9d0 .part L_0x7fc7bc51c100, 3, 1;
L_0x7fc7bc51daf0 .part L_0x101410098, 3, 1;
LS_0x7fc7bc51e000_0_0 .concat8 [ 1 1 1 1], L_0x7fc7bc51c1f0, L_0x7fc7bc51c2d0, L_0x7fc7bc51cfc0, L_0x7fc7bc51d5d0;
LS_0x7fc7bc51e000_0_4 .concat8 [ 1 0 0 0], L_0x7fc7bc51dc10;
L_0x7fc7bc51e000 .concat8 [ 4 1 0 0], LS_0x7fc7bc51e000_0_0, LS_0x7fc7bc51e000_0_4;
L_0x7fc7bc51e2a0 .part L_0x7fc7bc51c100, 4, 1;
L_0x7fc7bc51e3c0 .part L_0x101410098, 4, 1;
S_0x7fc7bc515dd0 .scope module, "fa1" "fa_g" 2 56, 2 20 0, S_0x7fc7bc515b60;
 .timescale -9 -12;
    .port_info 0 /OUTPUT 1 "sum"
    .port_info 1 /OUTPUT 1 "cout"
    .port_info 2 /INPUT 1 "i1"
    .port_info 3 /INPUT 1 "i2"
    .port_info 4 /INPUT 1 "cin"
L_0x7fc7bc51c2d0 .functor XOR 1, L_0x7fc7bc51cc80, L_0x7fc7bc51ce20, L_0x7fc7bc51c470, C4<0>;
L_0x7fc7bc51c910 .functor AND 1, L_0x7fc7bc51cc80, L_0x7fc7bc51ce20, C4<1>, C4<1>;
L_0x7fc7bc51c9c0 .functor AND 1, L_0x7fc7bc51ce20, L_0x7fc7bc51c470, C4<1>, C4<1>;
L_0x7fc7bc51ca50 .functor AND 1, L_0x7fc7bc51cc80, L_0x7fc7bc51c470, C4<1>, C4<1>;
L_0x7fc7bc51cb00 .functor OR 1, L_0x7fc7bc51c910, L_0x7fc7bc51c9c0, L_0x7fc7bc51ca50, C4<0>;
v0x7fc7bc516040_0 .net "cin", 0 0, L_0x7fc7bc51c470;  alias, 1 drivers
v0x7fc7bc5160f0_0 .net "cout", 0 0, L_0x7fc7bc51cb00;  alias, 1 drivers
v0x7fc7bc516190_0 .net "i1", 0 0, L_0x7fc7bc51cc80;  1 drivers
v0x7fc7bc516240_0 .net "i2", 0 0, L_0x7fc7bc51ce20;  1 drivers
v0x7fc7bc5162e0_0 .net "sum", 0 0, L_0x7fc7bc51c2d0;  1 drivers
v0x7fc7bc5163c0_0 .net "t1", 0 0, L_0x7fc7bc51c910;  1 drivers
v0x7fc7bc516460_0 .net "t2", 0 0, L_0x7fc7bc51c9c0;  1 drivers
v0x7fc7bc516500_0 .net "t3", 0 0, L_0x7fc7bc51ca50;  1 drivers
S_0x7fc7bc516620 .scope module, "fa2" "fa_g" 2 57, 2 20 0, S_0x7fc7bc515b60;
 .timescale -9 -12;
    .port_info 0 /OUTPUT 1 "sum"
    .port_info 1 /OUTPUT 1 "cout"
    .port_info 2 /INPUT 1 "i1"
    .port_info 3 /INPUT 1 "i2"
    .port_info 4 /INPUT 1 "cin"
L_0x7fc7bc51cfc0 .functor XOR 1, L_0x7fc7bc51d360, L_0x7fc7bc51d4b0, L_0x7fc7bc51cb00, C4<0>;
L_0x7fc7bc51d0b0 .functor AND 1, L_0x7fc7bc51d360, L_0x7fc7bc51d4b0, C4<1>, C4<1>;
L_0x7fc7bc51d120 .functor AND 1, L_0x7fc7bc51d4b0, L_0x7fc7bc51cb00, C4<1>, C4<1>;
L_0x7fc7bc51d190 .functor AND 1, L_0x7fc7bc51d360, L_0x7fc7bc51cb00, C4<1>, C4<1>;
L_0x7fc7bc51d200 .functor OR 1, L_0x7fc7bc51d0b0, L_0x7fc7bc51d120, L_0x7fc7bc51d190, C4<0>;
v0x7fc7bc516850_0 .net "cin", 0 0, L_0x7fc7bc51cb00;  alias, 1 drivers
v0x7fc7bc516900_0 .net "cout", 0 0, L_0x7fc7bc51d200;  alias, 1 drivers
v0x7fc7bc516990_0 .net "i1", 0 0, L_0x7fc7bc51d360;  1 drivers
v0x7fc7bc516a40_0 .net "i2", 0 0, L_0x7fc7bc51d4b0;  1 drivers
v0x7fc7bc516ad0_0 .net "sum", 0 0, L_0x7fc7bc51cfc0;  1 drivers
v0x7fc7bc516bb0_0 .net "t1", 0 0, L_0x7fc7bc51d0b0;  1 drivers
v0x7fc7bc516c50_0 .net "t2", 0 0, L_0x7fc7bc51d120;  1 drivers
v0x7fc7bc516cf0_0 .net "t3", 0 0, L_0x7fc7bc51d190;  1 drivers
S_0x7fc7bc516e10 .scope module, "fa3" "fa_g" 2 58, 2 20 0, S_0x7fc7bc515b60;
 .timescale -9 -12;
    .port_info 0 /OUTPUT 1 "sum"
    .port_info 1 /OUTPUT 1 "cout"
    .port_info 2 /INPUT 1 "i1"
    .port_info 3 /INPUT 1 "i2"
    .port_info 4 /INPUT 1 "cin"
L_0x7fc7bc51d5d0 .functor XOR 1, L_0x7fc7bc51d9d0, L_0x7fc7bc51daf0, L_0x7fc7bc51d200, C4<0>;
L_0x7fc7bc51d6c0 .functor AND 1, L_0x7fc7bc51d9d0, L_0x7fc7bc51daf0, C4<1>, C4<1>;
L_0x7fc7bc51d730 .functor AND 1, L_0x7fc7bc51daf0, L_0x7fc7bc51d200, C4<1>, C4<1>;
L_0x7fc7bc51d7a0 .functor AND 1, L_0x7fc7bc51d9d0, L_0x7fc7bc51d200, C4<1>, C4<1>;
L_0x7fc7bc51d850 .functor OR 1, L_0x7fc7bc51d6c0, L_0x7fc7bc51d730, L_0x7fc7bc51d7a0, C4<0>;
v0x7fc7bc517040_0 .net "cin", 0 0, L_0x7fc7bc51d200;  alias, 1 drivers
v0x7fc7bc5170f0_0 .net "cout", 0 0, L_0x7fc7bc51d850;  alias, 1 drivers
v0x7fc7bc517180_0 .net "i1", 0 0, L_0x7fc7bc51d9d0;  1 drivers
v0x7fc7bc517230_0 .net "i2", 0 0, L_0x7fc7bc51daf0;  1 drivers
v0x7fc7bc5172d0_0 .net "sum", 0 0, L_0x7fc7bc51d5d0;  1 drivers
v0x7fc7bc5173b0_0 .net "t1", 0 0, L_0x7fc7bc51d6c0;  1 drivers
v0x7fc7bc517450_0 .net "t2", 0 0, L_0x7fc7bc51d730;  1 drivers
v0x7fc7bc5174f0_0 .net "t3", 0 0, L_0x7fc7bc51d7a0;  1 drivers
S_0x7fc7bc517610 .scope module, "fa4" "fa_g" 2 59, 2 20 0, S_0x7fc7bc515b60;
 .timescale -9 -12;
    .port_info 0 /OUTPUT 1 "sum"
    .port_info 1 /OUTPUT 1 "cout"
    .port_info 2 /INPUT 1 "i1"
    .port_info 3 /INPUT 1 "i2"
    .port_info 4 /INPUT 1 "cin"
L_0x7fc7bc51dc10 .functor XOR 1, L_0x7fc7bc51e2a0, L_0x7fc7bc51e3c0, L_0x7fc7bc51d850, C4<0>;
L_0x7fc7bc51dd00 .functor AND 1, L_0x7fc7bc51e2a0, L_0x7fc7bc51e3c0, C4<1>, C4<1>;
L_0x7fc7bc51dd70 .functor AND 1, L_0x7fc7bc51e3c0, L_0x7fc7bc51d850, C4<1>, C4<1>;
L_0x7fc7bc51de00 .functor AND 1, L_0x7fc7bc51e2a0, L_0x7fc7bc51d850, C4<1>, C4<1>;
L_0x7fc7bc51deb0 .functor OR 1, L_0x7fc7bc51dd00, L_0x7fc7bc51dd70, L_0x7fc7bc51de00, C4<0>;
v0x7fc7bc517840_0 .net "cin", 0 0, L_0x7fc7bc51d850;  alias, 1 drivers
v0x7fc7bc5178f0_0 .net "cout", 0 0, L_0x7fc7bc51deb0;  alias, 1 drivers
v0x7fc7bc517980_0 .net "i1", 0 0, L_0x7fc7bc51e2a0;  1 drivers
v0x7fc7bc517a30_0 .net "i2", 0 0, L_0x7fc7bc51e3c0;  1 drivers
v0x7fc7bc517ac0_0 .net "sum", 0 0, L_0x7fc7bc51dc10;  1 drivers
v0x7fc7bc517ba0_0 .net "t1", 0 0, L_0x7fc7bc51dd00;  1 drivers
v0x7fc7bc517c40_0 .net "t2", 0 0, L_0x7fc7bc51dd70;  1 drivers
v0x7fc7bc517ce0_0 .net "t3", 0 0, L_0x7fc7bc51de00;  1 drivers
S_0x7fc7bc517e00 .scope module, "ha0" "fa_g" 2 55, 2 20 0, S_0x7fc7bc515b60;
 .timescale -9 -12;
    .port_info 0 /OUTPUT 1 "sum"
    .port_info 1 /OUTPUT 1 "cout"
    .port_info 2 /INPUT 1 "i1"
    .port_info 3 /INPUT 1 "i2"
    .port_info 4 /INPUT 1 "cin"
L_0x101410170 .functor BUFT 1, C4<0>, C4<0>, C4<0>, C4<0>;
L_0x7fc7bc51c1f0 .functor XOR 1, L_0x7fc7bc51c5d0, L_0x7fc7bc51c6f0, L_0x101410170, C4<0>;
L_0x7fc7bc51c260 .functor AND 1, L_0x7fc7bc51c5d0, L_0x7fc7bc51c6f0, C4<1>, C4<1>;
L_0x7fc7bc51c350 .functor AND 1, L_0x7fc7bc51c6f0, L_0x101410170, C4<1>, C4<1>;
L_0x7fc7bc51c400 .functor AND 1, L_0x7fc7bc51c5d0, L_0x101410170, C4<1>, C4<1>;
L_0x7fc7bc51c470 .functor OR 1, L_0x7fc7bc51c260, L_0x7fc7bc51c350, L_0x7fc7bc51c400, C4<0>;
v0x7fc7bc518070_0 .net "cin", 0 0, L_0x101410170;  1 drivers
v0x7fc7bc518100_0 .net "cout", 0 0, L_0x7fc7bc51c470;  alias, 1 drivers
v0x7fc7bc5181a0_0 .net "i1", 0 0, L_0x7fc7bc51c5d0;  1 drivers
v0x7fc7bc518250_0 .net "i2", 0 0, L_0x7fc7bc51c6f0;  1 drivers
v0x7fc7bc5182e0_0 .net "sum", 0 0, L_0x7fc7bc51c1f0;  1 drivers
v0x7fc7bc5183b0_0 .net "t1", 0 0, L_0x7fc7bc51c260;  1 drivers
v0x7fc7bc518450_0 .net "t2", 0 0, L_0x7fc7bc51c350;  1 drivers
v0x7fc7bc5184f0_0 .net "t3", 0 0, L_0x7fc7bc51c400;  1 drivers
S_0x7fc7bc518ce0 .scope generate, "genblk1[0]" "genblk1[0]" 5 12, 5 12 0, S_0x7fc7bc515970;
 .timescale -9 -12;
P_0x7fc7bc518ea0 .param/l "i" 0 5 12, +C4<00>;
v0x7fc7bc518f20_0 .net *"_s0", 0 0, L_0x7fc7bc51bb80;  1 drivers
S_0x7fc7bc518fb0 .scope generate, "genblk1[1]" "genblk1[1]" 5 12, 5 12 0, S_0x7fc7bc515970;
 .timescale -9 -12;
P_0x7fc7bc519190 .param/l "i" 0 5 12, +C4<01>;
v0x7fc7bc519220_0 .net *"_s0", 0 0, L_0x7fc7bc51bc20;  1 drivers
S_0x7fc7bc5192d0 .scope generate, "genblk1[2]" "genblk1[2]" 5 12, 5 12 0, S_0x7fc7bc515970;
 .timescale -9 -12;
P_0x7fc7bc519490 .param/l "i" 0 5 12, +C4<010>;
v0x7fc7bc519530_0 .net *"_s0", 0 0, L_0x7fc7bc51bd40;  1 drivers
S_0x7fc7bc5195e0 .scope generate, "genblk1[3]" "genblk1[3]" 5 12, 5 12 0, S_0x7fc7bc515970;
 .timescale -9 -12;
P_0x7fc7bc5197e0 .param/l "i" 0 5 12, +C4<011>;
v0x7fc7bc519880_0 .net *"_s0", 0 0, L_0x7fc7bc51bde0;  1 drivers
    .scope S_0x7fc7bc500bc0;
T_0 ;
    %vpi_call 3 6 "$dumpfile", "MAX(A,B).vcd" {0 0 0};
    %vpi_call 3 7 "$dumpvars", 32'sb00000000000000000000000000000000, S_0x7fc7bc500bc0 {0 0 0};
    %end;
    .thread T_0;
    .scope S_0x7fc7bc500bc0;
T_1 ;
    %vpi_call 3 18 "$timeformat", 32'sb11111111111111111111111111110111, 32'sb00000000000000000000000000000001, "ns", 32'sb00000000000000000000000000000101 {0 0 0};
    %vpi_call 3 19 "$monitor", "At time t=%t, i1=%4b, i2=%4b -------- max=%4b", $time, v0x7fc7bc51a930_0, v0x7fc7bc51a9e0_0, v0x7fc7bc51aab0_0 {0 0 0};
    %pushi/vec4 11, 0, 4;
    %store/vec4 v0x7fc7bc51a930_0, 0, 4;
    %pushi/vec4 10, 0, 4;
    %store/vec4 v0x7fc7bc51a9e0_0, 0, 4;
    %delay 10000, 0;
    %pushi/vec4 9, 0, 4;
    %store/vec4 v0x7fc7bc51a930_0, 0, 4;
    %pushi/vec4 0, 0, 4;
    %store/vec4 v0x7fc7bc51a9e0_0, 0, 4;
    %delay 10000, 0;
    %pushi/vec4 5, 0, 4;
    %store/vec4 v0x7fc7bc51a930_0, 0, 4;
    %pushi/vec4 12, 0, 4;
    %store/vec4 v0x7fc7bc51a9e0_0, 0, 4;
    %delay 10000, 0;
    %pushi/vec4 10, 0, 4;
    %store/vec4 v0x7fc7bc51a930_0, 0, 4;
    %pushi/vec4 2, 0, 4;
    %store/vec4 v0x7fc7bc51a9e0_0, 0, 4;
    %delay 10000, 0;
    %pushi/vec4 7, 0, 4;
    %store/vec4 v0x7fc7bc51a930_0, 0, 4;
    %pushi/vec4 13, 0, 4;
    %store/vec4 v0x7fc7bc51a9e0_0, 0, 4;
    %delay 10000, 0;
    %pushi/vec4 1, 0, 4;
    %store/vec4 v0x7fc7bc51a930_0, 0, 4;
    %pushi/vec4 0, 0, 4;
    %store/vec4 v0x7fc7bc51a9e0_0, 0, 4;
    %delay 10000, 0;
    %pushi/vec4 13, 0, 4;
    %store/vec4 v0x7fc7bc51a930_0, 0, 4;
    %pushi/vec4 12, 0, 4;
    %store/vec4 v0x7fc7bc51a9e0_0, 0, 4;
    %delay 10000, 0;
    %pushi/vec4 4, 0, 4;
    %store/vec4 v0x7fc7bc51a930_0, 0, 4;
    %pushi/vec4 13, 0, 4;
    %store/vec4 v0x7fc7bc51a9e0_0, 0, 4;
    %delay 10000, 0;
    %vpi_call 3 29 "$finish" {0 0 0};
    %end;
    .thread T_1;
# The file index is used to find the file name in the following table.
:file_names 6;
    "N/A";
    "<interactive>";
    "5_bit_adder.v";
    "testbench_max.v";
    "max.v";
    "2_complement.v";
